#
# There is insufficient memory for the Java Runtime Environment to continue.
# Native memory allocation (mmap) failed to map 134217728 bytes for Failed to commit area from 0x0000000081400000 to 0x0000000089400000 of length 134217728.
# Possible reasons:
#   The system is out of physical RAM or swap space
#   The process is running with CompressedOops enabled, and the Java Heap may be blocking the growth of the native heap
# Possible solutions:
#   Reduce memory load on the system
#   Increase physical memory or swap space
#   Check if swap backing store is full
#   Decrease Java heap size (-Xmx/-Xms)
#   Decrease number of Java threads
#   Decrease Java thread stack sizes (-Xss)
#   Set larger code cache with -XX:ReservedCodeCacheSize=
#   JVM is running with Unscaled Compressed Oops mode in which the Java heap is
#     placed in the first 4GB address space. The Java Heap base address is the
#     maximum limit for the native heap growth. Please use -XX:HeapBaseMinAddress
#     to set the Java Heap base and to place the Java Heap above 4GB virtual address.
# This output file may be truncated or incomplete.
#
#  Out of Memory Error (./open/src/hotspot/os/windows/os_windows.cpp:3315), pid=38900, tid=21124
#
# JRE version:  (14.0.1+7) (build )
# Java VM: Java HotSpot(TM) 64-Bit Server VM (14.0.1+7, mixed mode, sharing, tiered, compressed oops, g1 gc, windows-amd64)
# No core dump will be written. Minidumps are not enabled by default on client versions of Windows
#

---------------  S U M M A R Y ------------

Command Line: -Dfile.encoding=Cp1252 com.qa.ima.controller.Runner

Host: Intel(R) Core(TM) i7-6500U CPU @ 2.50GHz, 4 cores, 7G,  Windows 10 , 64 bit Build 18362 (10.0.18362.329)
Time: Thu May 21 10:04:59 2020 GMT Summer Time elapsed time: 0 seconds (0d 0h 0m 0s)

---------------  T H R E A D  ---------------

Current thread (0x000001f9a97ed000):  JavaThread "Unknown thread" [_thread_in_vm, id=21124, stack(0x000000d843700000,0x000000d843800000)]

Stack: [0x000000d843700000,0x000000d843800000]
Native frames: (J=compiled Java code, j=interpreted, Vv=VM code, C=native code)
V  [jvm.dll+0x5f840a]
V  [jvm.dll+0x741e4a]
V  [jvm.dll+0x7435ff]
V  [jvm.dll+0x743c43]
V  [jvm.dll+0x20d288]
V  [jvm.dll+0x5f57ba]
V  [jvm.dll+0x5ea615]
V  [jvm.dll+0x2c7e9c]
V  [jvm.dll+0x2c7cd2]
V  [jvm.dll+0x2cdbbc]
V  [jvm.dll+0x313ff8]
V  [jvm.dll+0x313720]
V  [jvm.dll+0x2a092a]
V  [jvm.dll+0x2a1a79]
V  [jvm.dll+0x71f718]
V  [jvm.dll+0x321c44]
V  [jvm.dll+0x700b0c]
V  [jvm.dll+0x392dff]
V  [jvm.dll+0x394e71]
C  [jli.dll+0x523b]
C  [ucrtbase.dll+0x20e72]
C  [KERNEL32.DLL+0x17bd4]
C  [ntdll.dll+0x6ced1]


---------------  P R O C E S S  ---------------

Threads class SMR info:
_java_thread_list=0x00007ffab5b43078, length=0, elements={
}

Java Threads: ( => current thread )

Other Threads:
  0x000001f9a982e000 GCTaskThread "GC Thread#0" [stack: 0x000000d843800000,0x000000d843900000] [id=27420]
  0x000001f9a9842800 ConcurrentGCThread "G1 Main Marker" [stack: 0x000000d843900000,0x000000d843a00000] [id=16468]
  0x000001f9a9844000 ConcurrentGCThread "G1 Conc#0" [stack: 0x000000d843a00000,0x000000d843b00000] [id=41176]

[error occurred during error reporting (printing all threads), id 0xc0000005, EXCEPTION_ACCESS_VIOLATION (0xc0000005) at pc=0x00007ffab5371257]

VM state:not at safepoint (not fully initialized)

VM Mutex/Monitor currently owned by a thread:  ([mutex/lock_event])
[0x000001f9a97e8980] Heap_lock - owner thread: 0x000001f9a97ed000

Heap address: 0x0000000081400000, size: 2028 MB, Compressed Oops mode: 32-bit
Narrow klass base: 0x0000000000000000, Narrow klass shift: 0

GC Heap History (0 events):
No events

Deoptimization events (0 events):
No events

Classes unloaded (0 events):
No events

Classes redefined (0 events):
No events

Internal exceptions (0 events):
No events

Events (2 events):
Event: 0.128 Loaded shared library C:\Program Files\Java\jdk-14.0.1\bin\java.dll
Event: 0.164 Loaded shared library C:\Program Files\Java\jdk-14.0.1\bin\zip.dll


Dynamic libraries:
0x00007ff6ba5f0000 - 0x00007ff6ba5ff000 	C:\Program Files\Java\jdk-14.0.1\bin\javaw.exe
0x00007ffb2d120000 - 0x00007ffb2d310000 	C:\WINDOWS\SYSTEM32\ntdll.dll
0x00007ffb2cb00000 - 0x00007ffb2cbb2000 	C:\WINDOWS\System32\KERNEL32.DLL
0x00007ffb2ae30000 - 0x00007ffb2b0d3000 	C:\WINDOWS\System32\KERNELBASE.dll
0x00007ffb2ad30000 - 0x00007ffb2ae2a000 	C:\WINDOWS\System32\ucrtbase.dll
0x00007ffb1b620000 - 0x00007ffb1b638000 	C:\Program Files\Java\jdk-14.0.1\bin\jli.dll
0x00007ffb2c910000 - 0x00007ffb2c9b3000 	C:\WINDOWS\System32\ADVAPI32.dll
0x00007ffb2c2c0000 - 0x00007ffb2c35e000 	C:\WINDOWS\System32\msvcrt.dll
0x00007ffb2cfe0000 - 0x00007ffb2d077000 	C:\WINDOWS\System32\sechost.dll
0x00007ffb2cd10000 - 0x00007ffb2ce30000 	C:\WINDOWS\System32\RPCRT4.dll
0x00007ffb2b7a0000 - 0x00007ffb2b934000 	C:\WINDOWS\System32\USER32.dll
0x00007ffb2ad00000 - 0x00007ffb2ad21000 	C:\WINDOWS\System32\win32u.dll
0x00007ffb2c290000 - 0x00007ffb2c2b6000 	C:\WINDOWS\System32\GDI32.dll
0x00007ffb2a200000 - 0x00007ffb2a394000 	C:\WINDOWS\System32\gdi32full.dll
0x00007ffb2b130000 - 0x00007ffb2b1ce000 	C:\WINDOWS\System32\msvcp_win.dll
0x00007ffb24d90000 - 0x00007ffb24da5000 	C:\Program Files\Java\jdk-14.0.1\bin\VCRUNTIME140.dll
0x00007ffb10370000 - 0x00007ffb105f5000 	C:\WINDOWS\WinSxS\amd64_microsoft.windows.common-controls_6595b64144ccf1df_6.0.18362.719_none_e6c7b883130c6729\COMCTL32.dll
0x00007ffb2b1d0000 - 0x00007ffb2b506000 	C:\WINDOWS\System32\combase.dll
0x00007ffb2ac80000 - 0x00007ffb2ad00000 	C:\WINDOWS\System32\bcryptPrimitives.dll
0x00007ffb1d080000 - 0x00007ffb1d08a000 	C:\WINDOWS\SYSTEM32\VERSION.dll
0x00007ffb2c0a0000 - 0x00007ffb2c0ce000 	C:\WINDOWS\System32\IMM32.DLL
0x00007ffaf1e80000 - 0x00007ffaf1f1b000 	C:\Program Files\Java\jdk-14.0.1\bin\msvcp140.dll
0x00007ffab50c0000 - 0x00007ffab5bde000 	C:\Program Files\Java\jdk-14.0.1\bin\server\jvm.dll
0x00007ffb2c0d0000 - 0x00007ffb2c0d8000 	C:\WINDOWS\System32\PSAPI.DLL
0x00007ffb11d90000 - 0x00007ffb11d99000 	C:\WINDOWS\SYSTEM32\WSOCK32.dll
0x00007ffb2cbc0000 - 0x00007ffb2cc2f000 	C:\WINDOWS\System32\WS2_32.dll
0x00007ffb27780000 - 0x00007ffb277a4000 	C:\WINDOWS\SYSTEM32\WINMM.dll
0x00007ffb27670000 - 0x00007ffb2769d000 	C:\WINDOWS\SYSTEM32\WINMMBASE.dll
0x00007ffb2b0e0000 - 0x00007ffb2b12a000 	C:\WINDOWS\System32\cfgmgr32.dll
0x00007ffb2a090000 - 0x00007ffb2a0a1000 	C:\WINDOWS\System32\kernel.appcore.dll
0x00007ffb24ac0000 - 0x00007ffb24aca000 	C:\Program Files\Java\jdk-14.0.1\bin\jimage.dll
0x00007ffb28890000 - 0x00007ffb28a84000 	C:\WINDOWS\SYSTEM32\DBGHELP.DLL
0x00007ffb0df50000 - 0x00007ffb0df7a000 	C:\WINDOWS\SYSTEM32\dbgcore.DLL
0x00007ffb0c340000 - 0x00007ffb0c365000 	C:\Program Files\Java\jdk-14.0.1\bin\java.dll
0x00007ffb18910000 - 0x00007ffb18926000 	C:\Program Files\Java\jdk-14.0.1\bin\zip.dll

dbghelp: loaded successfully - version: 4.0.5 - missing functions: none
symbol engine: initialized successfully - sym options: 0x614 - pdb path: .;C:\Program Files\Java\jdk-14.0.1\bin;C:\WINDOWS\SYSTEM32;C:\WINDOWS\WinSxS\amd64_microsoft.windows.common-controls_6595b64144ccf1df_6.0.18362.719_none_e6c7b883130c6729;C:\Program Files\Java\jdk-14.0.1\bin\server

VM Arguments:
jvm_args: -Dfile.encoding=Cp1252 
java_command: com.qa.ima.controller.Runner
java_class_path (initial): C:\Users\moadm\eclipse-workspace\Inventory_Management_System\target\classes;C:\Users\moadm\eclipse-workspace\Inventory_Management_System\target\test-classes;C:\Users\moadm\.m2\repository\mysql\mysql-connector-java\8.0.20\mysql-connector-java-8.0.20.jar;C:\Users\moadm\.m2\repository\com\google\protobuf\protobuf-java\3.6.1\protobuf-java-3.6.1.jar
Launcher Type: SUN_STANDARD

[Global flags]
     intx CICompilerCount                          = 3                                         {product} {ergonomic}
     uint ConcGCThreads                            = 1                                         {product} {ergonomic}
     uint G1ConcRefinementThreads                  = 4                                         {product} {ergonomic}
   size_t G1HeapRegionSize                         = 1048576                                   {product} {ergonomic}
    uintx GCDrainStackTargetSize                   = 64                                        {product} {ergonomic}
   size_t InitialHeapSize                          = 134217728                                 {product} {ergonomic}
   size_t MarkStackSize                            = 4194304                                   {product} {ergonomic}
   size_t MaxHeapSize                              = 2126512128                                {product} {ergonomic}
   size_t MinHeapDeltaBytes                        = 1048576                                   {product} {ergonomic}
   size_t MinHeapSize                              = 8388608                                   {product} {ergonomic}
    uintx NonNMethodCodeHeapSize                   = 5832780                                {pd product} {ergonomic}
    uintx NonProfiledCodeHeapSize                  = 122912730                              {pd product} {ergonomic}
    uintx ProfiledCodeHeapSize                     = 122912730                              {pd product} {ergonomic}
    uintx ReservedCodeCacheSize                    = 251658240                              {pd product} {ergonomic}
     bool SegmentedCodeCache                       = true                                      {product} {ergonomic}
   size_t SoftMaxHeapSize                          = 2126512128                             {manageable} {ergonomic}
     bool UseCompressedClassPointers               = true                                 {lp64_product} {ergonomic}
     bool UseCompressedOops                        = true                                 {lp64_product} {ergonomic}
     bool UseG1GC                                  = true                                      {product} {ergonomic}
     bool UseLargePagesIndividualAllocation        = false                                  {pd product} {ergonomic}

Logging:
Log output configuration:
 #0: stdout all=warning uptime,level,tags
 #1: stderr all=off uptime,level,tags

Environment Variables:
CLASSPATH=C:\xpressmp\lib\xprm.jar;C:\xpressmp\lib\xprs.jar;C:\xpressmp\lib\xprb.jar
PATH=C:/Program Files/Java/jdk-14.0.1/bin/server;C:/Program Files/Java/jdk-14.0.1/bin;C:\xpressmp\bin;C:\xpressmp\workbench;C:\Program Files (x86)\Intel\iCLS Client\;C:\ProgramData\Oracle\Java\javapath;C:\Program Files\Intel\iCLS Client\;C:\WINDOWS\system32;C:\WINDOWS;C:\WINDOWS\System32\Wbem;C:\WINDOWS\System32\WindowsPowerShell\v1.0\;C:\Program Files\Intel\IntelSGXPSW\bin\x64\Release\;C:\Program Files\Intel\IntelSGXPSW\bin\win32\Release\;C:\Program Files (x86)\Intel\Intel(R) Management Engine Components\DAL;C:\Program Files\Intel\Intel(R) Management Engine Components\DAL;C:\Program Files (x86)\Intel\Intel(R) Management Engine Components\IPT;C:\Program Files\Intel\Intel(R) Management Engine Components\IPT;C:\WINDOWS\System32\OpenSSH\;C:\Program Files\Microsoft VS Code\bin;C:\Program Files\Intel\WiFi\bin\;C:\Program Files\Common Files\Intel\WirelessCommon\;C:\Program Files\MySQL\MySQL Server 8.0\bin;C:\Program Files\Git\cmd;C:\Program Files\Java\jdk-14.0.1\bin;C:\Program Files\MySQL\MySQL Shell 8.0\bin\;C:\Users\moadm\Anaconda3;C:\Users\moadm\Anaconda3\Library\mingw-w64\bin;C:\Users\moadm\Anaconda3\Library\usr\bin;C:\Users\moadm\Anaconda3\Library\bin;C:\Users\moadm\Anaconda3\Scripts;C:\Users\moadm\AppData\Local\Microsoft\WindowsApps;;C:\WINDOWS\system32;
USERNAME=moadm
OS=Windows_NT
PROCESSOR_IDENTIFIER=Intel64 Family 6 Model 78 Stepping 3, GenuineIntel



---------------  S Y S T E M  ---------------

OS: Windows 10 , 64 bit Build 18362 (10.0.18362.329)
OS uptime: 27 days 1:21 hours

CPU:total 4 (initial active 4) (2 cores per cpu, 2 threads per core) family 6 model 78 stepping 3, cmov, cx8, fxsr, mmx, sse, sse2, sse3, ssse3, sse4.1, sse4.2, popcnt, avx, avx2, aes, clmul, erms, 3dnowpref, lzcnt, ht, tsc, tscinvbit, bmi1, bmi2, adx, fma

Memory: 4k page, system-wide physical 8104M (528M free)
TotalPageFile size 32680M (AvailPageFile size 113M)
current process WorkingSet (physical memory assigned to process): 10M, peak: 10M
current process commit charge ("private bytes"): 52M, peak: 179M

vm_info: Java HotSpot(TM) 64-Bit Server VM (14.0.1+7) for windows-amd64 JRE (14.0.1+7), built on Mar  5 2020 10:30:14 by "mach5one" with MS VC++ 15.9 (VS2017)

END.
